<?xml version="1.0" encoding="UTF-8"?>
<!-- Generated by org.testng.reporters.JUnitReportReporter -->
<testsuite hostname="DESKTOP-V2BUGJS" failures="0" tests="1" name="nandilathtest.drpdwn" time="19.416" errors="0" timestamp="2024-10-28T00:14:18 IST" skipped="0">
  <testcase classname="nandilathtest.drpdwn" name="test" time="19.416"/>
</testsuite> <!-- nandilathtest.drpdwn -->
