<?xml version="1.0" encoding="UTF-8"?>
<!-- Generated by org.testng.reporters.JUnitReportReporter -->
<testsuite hostname="DESKTOP-V2BUGJS" failures="0" tests="1" name="nandilathpage.scrolldownngtest" time="35.970" errors="0" timestamp="2024-10-01T21:37:05 IST" skipped="0">
  <testcase classname="nandilathpage.scrolldownngtest" name="test" time="35.970"/>
</testsuite> <!-- nandilathpage.scrolldownngtest -->
