<?xml version="1.0" encoding="UTF-8"?>
<!-- Generated by org.testng.reporters.JUnitReportReporter -->
<testsuite hostname="DESKTOP-V2BUGJS" failures="0" tests="1" name="nandilathtest.registrationtest" time="7.333" errors="0" timestamp="2024-10-27T11:44:38 IST" skipped="0">
  <testcase classname="nandilathtest.registrationtest" name="testlogin" time="7.333"/>
</testsuite> <!-- nandilathtest.registrationtest -->
