<?xml version="1.0" encoding="UTF-8"?>
<!-- Generated by org.testng.reporters.JUnitReportReporter -->
<testsuite hostname="DESKTOP-V2BUGJS" failures="0" tests="1" name="nandilathtest.scdown" time="15.219" errors="0" timestamp="2024-10-27T22:56:55 IST" skipped="0">
  <testcase classname="nandilathtest.scdown" name="test" time="15.219"/>
</testsuite> <!-- nandilathtest.scdown -->
